Using pre-set license
Built from '2020.3/release' branch; Version is '2020.3.2f1 (8fd9074bf66c) revision 9427207'; Using compiler version '192528614'; Build Type 'Release'
OS: 'Windows 10 Pro; OS build 19042.867; Version 2009; 64bit' Language: 'en' Physical Memory: 8130 MB
BatchMode: 1, IsHumanControllingUs: 0, StartBugReporterOnCrash: 0, Is64bit: 1, IsPro: 0

 COMMAND LINE ARGUMENTS:
C:\Users\Sigma\OneDrive\Documents\2020.3.2f1\Editor\Unity.exe
-adb2
-batchMode
-noUpm
-name
AssetImportWorker0
-projectPath
C:/Users/Sigma/OneDrive/Documents/Unity/Cosmos Trial
-logFile
Logs/AssetImportWorker0.log
-srvPort
7136
Successfully changed project path to: C:/Users/Sigma/OneDrive/Documents/Unity/Cosmos Trial
C:/Users/Sigma/OneDrive/Documents/Unity/Cosmos Trial
Using Asset Import Pipeline V2.
Refreshing native plugins compatible for Editor in 32.84 ms, found 1 plugins.
Preloading 0 native plugins for Editor in 0.00 ms.
Initialize engine version: 2020.3.2f1 (8fd9074bf66c)
[Subsystems] Discovering subsystems at path C:/Users/Sigma/OneDrive/Documents/2020.3.2f1/Editor/Data/Resources/UnitySubsystems
[Subsystems] Discovering subsystems at path C:/Users/Sigma/OneDrive/Documents/Unity/Cosmos Trial/Assets
GfxDevice: creating device client; threaded=0
Direct3D:
    Version:  Direct3D 11.0 [level 11.1]
    Renderer: Radeon RX 570 Series (ID=0x67df)
    Vendor:   
    VRAM:     4075 MB
    Driver:   27.20.14527.2002
Initialize mono
Mono path[0] = 'C:/Users/Sigma/OneDrive/Documents/2020.3.2f1/Editor/Data/Managed'
Mono path[1] = 'C:/Users/Sigma/OneDrive/Documents/2020.3.2f1/Editor/Data/MonoBleedingEdge/lib/mono/unityjit'
Mono config path = 'C:/Users/Sigma/OneDrive/Documents/2020.3.2f1/Editor/Data/MonoBleedingEdge/etc'
Using monoOptions --debugger-agent=transport=dt_socket,embedding=1,server=y,suspend=n,address=127.0.0.1:56444
Begin MonoManager ReloadAssembly
Registering precompiled unity dll's ...
Register platform support module: C:/Users/Sigma/OneDrive/Documents/2020.3.2f1/Editor/Data/PlaybackEngines/WindowsStandaloneSupport/UnityEditor.WindowsStandalone.Extensions.dll
Registered in 0.001477 seconds.
Native extension for WindowsStandalone target not found
Refreshing native plugins compatible for Editor in 33.02 ms, found 1 plugins.
Preloading 0 native plugins for Editor in 0.00 ms.
Invoked RoslynAnalysisRunner static constructor.
RoslynAnalysisRunner will not be running.
RoslynAnalysisRunner has terminated.
Mono: successfully reloaded assembly
- Completed reload, in  1.359 seconds
Platform modules already initialized, skipping
Registering precompiled user dll's ...
Registered in 0.000782 seconds.
Begin MonoManager ReloadAssembly
Native extension for WindowsStandalone target not found
Refreshing native plugins compatible for Editor in 33.62 ms, found 1 plugins.
Preloading 0 native plugins for Editor in 0.00 ms.
Invoked RoslynAnalysisRunner static constructor.
RoslynAnalysisRunner will not be running.
RoslynAnalysisRunner has terminated.
Mono: successfully reloaded assembly
- Completed reload, in  0.792 seconds
Platform modules already initialized, skipping
========================================================================
Worker process is ready to serve import requests
Launched and connected shader compiler UnityShaderCompiler.exe after 0.03 seconds
Refreshing native plugins compatible for Editor in 0.36 ms, found 1 plugins.
Preloading 0 native plugins for Editor in 0.00 ms.
Unloading 1834 Unused Serialized files (Serialized files now loaded: 0)
System memory in use before: 85.5 MB.
System memory in use after: 85.6 MB.

Unloading 19 unused Assets to reduce memory usage. Loaded Objects now: 2286.
Total: 2.046200 ms (FindLiveObjects: 0.259300 ms CreateObjectMapping: 0.120400 ms MarkObjects: 1.603500 ms  DeleteObjects: 0.061300 ms)

========================================================================
Received Import Request.
  path: Assets/Script/GameController.cs
  artifactKey: Guid(f0284b00d89d645479541676050bd453) Importer(815301076,1909f56bfc062723c751e8b465ee728b)
Start importing Assets/Script/GameController.cs using Guid(f0284b00d89d645479541676050bd453) Importer(815301076,1909f56bfc062723c751e8b465ee728b)  -> (artifact id: 'c4820b77490c0c17ffcd1c82cae101db') in 0.019633 seconds
  Import took 0.022222 seconds .

========================================================================
Received Import Request.
  Time since last request: 56.650291 seconds.
  path: Assets/Script/gim.cs
  artifactKey: Guid(848287a63d7a1d647b7148c144494877) Importer(815301076,1909f56bfc062723c751e8b465ee728b)
Start importing Assets/Script/gim.cs using Guid(848287a63d7a1d647b7148c144494877) Importer(815301076,1909f56bfc062723c751e8b465ee728b)  -> (artifact id: '754b26c565948510c638368e75675dcf') in 0.007423 seconds
  Import took 0.011543 seconds .

========================================================================
Received Import Request.
  Time since last request: 23.046557 seconds.
  path: Assets/Script/gim.cs
  artifactKey: Guid(848287a63d7a1d647b7148c144494877) Importer(815301076,1909f56bfc062723c751e8b465ee728b)
Start importing Assets/Script/gim.cs using Guid(848287a63d7a1d647b7148c144494877) Importer(815301076,1909f56bfc062723c751e8b465ee728b)  -> (artifact id: '853c2e67b46ecedb0a3fda621dffc951') in 0.002000 seconds
  Import took 0.005545 seconds .

========================================================================
Received Import Request.
  Time since last request: 11.337281 seconds.
  path: Assets/Script/GameController.cs
  artifactKey: Guid(848287a63d7a1d647b7148c144494877) Importer(815301076,1909f56bfc062723c751e8b465ee728b)
Start importing Assets/Script/GameController.cs using Guid(848287a63d7a1d647b7148c144494877) Importer(815301076,1909f56bfc062723c751e8b465ee728b)  -> (artifact id: '7ca4ded140cff69c8e2647371e6f4ffd') in 0.002503 seconds
  Import took 0.005745 seconds .

========================================================================
Received Import Request.
  Time since last request: 9.811227 seconds.
  path: Assets/Script/GameController.cs
  artifactKey: Guid(848287a63d7a1d647b7148c144494877) Importer(815301076,1909f56bfc062723c751e8b465ee728b)
Start importing Assets/Script/GameController.cs using Guid(848287a63d7a1d647b7148c144494877) Importer(815301076,1909f56bfc062723c751e8b465ee728b)  -> (artifact id: '8b37f0466bd598f0e25f5384481170c2') in 0.001907 seconds
  Import took 0.004814 seconds .

========================================================================
Received Prepare
Registering precompiled user dll's ...
Registered in 0.000787 seconds.
Begin MonoManager ReloadAssembly
Native extension for WindowsStandalone target not found
Refreshing native plugins compatible for Editor in 0.32 ms, found 1 plugins.
Preloading 0 native plugins for Editor in 0.00 ms.
Invoked RoslynAnalysisRunner static constructor.
RoslynAnalysisRunner will not be running.
RoslynAnalysisRunner has terminated.
Mono: successfully reloaded assembly
- Completed reload, in  0.771 seconds
Platform modules already initialized, skipping
Refreshing native plugins compatible for Editor in 0.35 ms, found 1 plugins.
Preloading 0 native plugins for Editor in 0.00 ms.
Unloading 1825 Unused Serialized files (Serialized files now loaded: 0)
System memory in use before: 85.1 MB.
System memory in use after: 85.3 MB.

Unloading 8 unused Assets to reduce memory usage. Loaded Objects now: 2290.
Total: 2.526300 ms (FindLiveObjects: 0.359300 ms CreateObjectMapping: 0.173700 ms MarkObjects: 1.955700 ms  DeleteObjects: 0.034800 ms)

========================================================================
Received Import Request.
  Time since last request: 33.087992 seconds.
  path: Assets/Script/bulletScript.cs
  artifactKey: Guid(6517492b7d42ad74d80f5e2bb362e573) Importer(815301076,1909f56bfc062723c751e8b465ee728b)
Start importing Assets/Script/bulletScript.cs using Guid(6517492b7d42ad74d80f5e2bb362e573) Importer(815301076,1909f56bfc062723c751e8b465ee728b)  -> (artifact id: 'feba27bd108a3e2a7be1953ebb7065a1') in 0.013071 seconds
  Import took 0.018280 seconds .

========================================================================
Received Import Request.
  Time since last request: 3.634510 seconds.
  path: Assets/Script/Explosion.cs
  artifactKey: Guid(e49f01c9b1f13d646aee0a7f1baa616a) Importer(815301076,1909f56bfc062723c751e8b465ee728b)
Start importing Assets/Script/Explosion.cs using Guid(e49f01c9b1f13d646aee0a7f1baa616a) Importer(815301076,1909f56bfc062723c751e8b465ee728b)  -> (artifact id: '04d7145e0f4da743fdcd59d4465a471b') in 0.005812 seconds
  Import took 0.008710 seconds .

========================================================================
Received Import Request.
  Time since last request: 0.001820 seconds.
  path: Assets/Script/Explosion.cs
  artifactKey: Guid(e49f01c9b1f13d646aee0a7f1baa616a) Importer(815301076,1909f56bfc062723c751e8b465ee728b)
Start importing Assets/Script/Explosion.cs using Guid(e49f01c9b1f13d646aee0a7f1baa616a) Importer(815301076,1909f56bfc062723c751e8b465ee728b)  -> (artifact id: '04d7145e0f4da743fdcd59d4465a471b') in 0.001808 seconds
  Import took 0.004974 seconds .

========================================================================
Received Prepare
Registering precompiled user dll's ...
Registered in 0.000836 seconds.
Begin MonoManager ReloadAssembly
Native extension for WindowsStandalone target not found
Refreshing native plugins compatible for Editor in 0.33 ms, found 1 plugins.
Preloading 0 native plugins for Editor in 0.00 ms.
Invoked RoslynAnalysisRunner static constructor.
RoslynAnalysisRunner will not be running.
RoslynAnalysisRunner has terminated.
Mono: successfully reloaded assembly
- Completed reload, in  0.776 seconds
Platform modules already initialized, skipping
Refreshing native plugins compatible for Editor in 0.33 ms, found 1 plugins.
Preloading 0 native plugins for Editor in 0.00 ms.
Unloading 1825 Unused Serialized files (Serialized files now loaded: 0)
System memory in use before: 85.2 MB.
System memory in use after: 85.3 MB.

Unloading 8 unused Assets to reduce memory usage. Loaded Objects now: 2293.
Total: 2.152300 ms (FindLiveObjects: 0.299800 ms CreateObjectMapping: 0.136600 ms MarkObjects: 1.698100 ms  DeleteObjects: 0.016300 ms)

========================================================================
Received Prepare
Registering precompiled user dll's ...
Registered in 0.000832 seconds.
Begin MonoManager ReloadAssembly
Native extension for WindowsStandalone target not found
Refreshing native plugins compatible for Editor in 0.37 ms, found 1 plugins.
Preloading 0 native plugins for Editor in 0.00 ms.
Invoked RoslynAnalysisRunner static constructor.
RoslynAnalysisRunner will not be running.
RoslynAnalysisRunner has terminated.
Mono: successfully reloaded assembly
- Completed reload, in  0.749 seconds
Platform modules already initialized, skipping
Refreshing native plugins compatible for Editor in 0.33 ms, found 1 plugins.
Preloading 0 native plugins for Editor in 0.00 ms.
Unloading 1825 Unused Serialized files (Serialized files now loaded: 0)
System memory in use before: 85.2 MB.
System memory in use after: 85.3 MB.

Unloading 8 unused Assets to reduce memory usage. Loaded Objects now: 2296.
Total: 2.278500 ms (FindLiveObjects: 0.337700 ms CreateObjectMapping: 0.125800 ms MarkObjects: 1.776000 ms  DeleteObjects: 0.036900 ms)

========================================================================
Received Import Request.
  Time since last request: 163.643319 seconds.
  path: Assets/Script/bulletScript.cs
  artifactKey: Guid(6517492b7d42ad74d80f5e2bb362e573) Importer(815301076,1909f56bfc062723c751e8b465ee728b)
Start importing Assets/Script/bulletScript.cs using Guid(6517492b7d42ad74d80f5e2bb362e573) Importer(815301076,1909f56bfc062723c751e8b465ee728b)  -> (artifact id: 'e2dcb4f3e6caf2cad52775cb8ff03986') in 0.004602 seconds
  Import took 0.007307 seconds .

========================================================================
Received Import Request.
  Time since last request: 18.464230 seconds.
  path: Assets/Script/GameController.cs
  artifactKey: Guid(848287a63d7a1d647b7148c144494877) Importer(815301076,1909f56bfc062723c751e8b465ee728b)
Start importing Assets/Script/GameController.cs using Guid(848287a63d7a1d647b7148c144494877) Importer(815301076,1909f56bfc062723c751e8b465ee728b)  -> (artifact id: 'd9db98836d70488e97ca7a3c59db90c4') in 0.001757 seconds
  Import took 0.004530 seconds .

========================================================================
Received Import Request.
  Time since last request: 14.447177 seconds.
  path: Assets/Script/GameController.cs
  artifactKey: Guid(848287a63d7a1d647b7148c144494877) Importer(815301076,1909f56bfc062723c751e8b465ee728b)
Start importing Assets/Script/GameController.cs using Guid(848287a63d7a1d647b7148c144494877) Importer(815301076,1909f56bfc062723c751e8b465ee728b)  -> (artifact id: 'eadfb0c885581729a8fe647a67da57e4') in 0.002534 seconds
  Import took 0.005433 seconds .

========================================================================
Received Import Request.
  Time since last request: 65.636288 seconds.
  path: Assets/Script/GameController.cs
  artifactKey: Guid(848287a63d7a1d647b7148c144494877) Importer(815301076,1909f56bfc062723c751e8b465ee728b)
Start importing Assets/Script/GameController.cs using Guid(848287a63d7a1d647b7148c144494877) Importer(815301076,1909f56bfc062723c751e8b465ee728b)  -> (artifact id: '37c5a7c0a42115bfacfaab58a8807057') in 0.002082 seconds
  Import took 0.005089 seconds .

========================================================================
Received Prepare
Registering precompiled user dll's ...
Registered in 0.000766 seconds.
Begin MonoManager ReloadAssembly
Native extension for WindowsStandalone target not found
Refreshing native plugins compatible for Editor in 0.33 ms, found 1 plugins.
Preloading 0 native plugins for Editor in 0.00 ms.
Invoked RoslynAnalysisRunner static constructor.
RoslynAnalysisRunner will not be running.
RoslynAnalysisRunner has terminated.
Mono: successfully reloaded assembly
- Completed reload, in  0.723 seconds
Platform modules already initialized, skipping
Refreshing native plugins compatible for Editor in 0.31 ms, found 1 plugins.
Preloading 0 native plugins for Editor in 0.00 ms.
Unloading 1825 Unused Serialized files (Serialized files now loaded: 0)
System memory in use before: 85.2 MB.
System memory in use after: 85.3 MB.

Unloading 8 unused Assets to reduce memory usage. Loaded Objects now: 2299.
Total: 1.937200 ms (FindLiveObjects: 0.171700 ms CreateObjectMapping: 0.066200 ms MarkObjects: 1.683200 ms  DeleteObjects: 0.014500 ms)

========================================================================
Received Prepare
Registering precompiled user dll's ...
Registered in 0.001382 seconds.
Begin MonoManager ReloadAssembly
Native extension for WindowsStandalone target not found
Refreshing native plugins compatible for Editor in 0.32 ms, found 1 plugins.
Preloading 0 native plugins for Editor in 0.00 ms.
Invoked RoslynAnalysisRunner static constructor.
RoslynAnalysisRunner will not be running.
RoslynAnalysisRunner has terminated.
Mono: successfully reloaded assembly
- Completed reload, in  0.738 seconds
Platform modules already initialized, skipping
Refreshing native plugins compatible for Editor in 0.35 ms, found 1 plugins.
Preloading 0 native plugins for Editor in 0.00 ms.
Unloading 1825 Unused Serialized files (Serialized files now loaded: 0)
System memory in use before: 85.2 MB.
System memory in use after: 85.3 MB.

Unloading 8 unused Assets to reduce memory usage. Loaded Objects now: 2302.
Total: 1.778000 ms (FindLiveObjects: 0.249900 ms CreateObjectMapping: 0.083900 ms MarkObjects: 1.429200 ms  DeleteObjects: 0.013900 ms)

AssetImportWorkerClient::OnTransportError - code=2 error=End of file
